TN:
SF:src/modules/appointments/services/CreateAppointmentService.ts
FN:61,__decorate
FN:61,__metadata
FN:61,__param
FN:61,__awaiter
FN:61,adopt
FN:61,fulfilled
FN:61,rejected
FN:61,step
FN:61,__generator
FN:61,sent
FN:61,g.<computed>
FN:61,verb
FN:61,step
FN:61,__importDefault
FN:17,CreateAppointmentService
FN:22,CreateAppointmentService.execute
FNF:16
FNH:14
FNDA:1,__decorate
FNDA:1,__metadata
FNDA:1,__param
FNDA:7,__awaiter
FNDA:5,adopt
FNDA:5,fulfilled
FNDA:0,rejected
FNDA:7,step
FNDA:7,__generator
FNDA:5,sent
FNDA:0,g.<computed>
FNDA:21,verb
FNDA:12,step
FNDA:1,__importDefault
FNDA:5,CreateAppointmentService
FNDA:7,CreateAppointmentService.execute
DA:1,1
DA:2,1
DA:3,1
DA:4,1
DA:5,1
DA:6,1
DA:7,1
DA:8,1
DA:9,1
DA:10,1
DA:11,1
DA:12,1
DA:13,1
DA:14,1
DA:15,1
DA:16,1
DA:17,1
DA:18,5
DA:19,5
DA:20,5
DA:21,1
DA:22,1
DA:23,7
DA:24,7
DA:25,7
DA:26,7
DA:27,7
DA:28,7
DA:29,7
DA:30,1
DA:31,1
DA:32,6
DA:33,7
DA:34,1
DA:35,1
DA:36,5
DA:37,7
DA:38,2
DA:39,2
DA:40,2
DA:41,2
DA:42,3
DA:43,3
DA:44,3
DA:45,3
DA:46,7
DA:47,7
DA:48,1
DA:49,1
DA:50,2
DA:51,2
DA:52,2
DA:53,2
DA:54,2
DA:55,2
DA:56,7
DA:57,7
DA:58,7
DA:59,1
DA:60,1
DA:61,1
LF:61
LH:61
BRDA:61,0,0,1
BRDA:61,1,0,1
BRDA:61,2,0,0
BRDA:61,3,0,0
BRDA:61,4,0,0
BRDA:61,5,0,0
BRDA:61,6,0,1
BRDA:61,7,0,1
BRDA:61,8,0,1
BRDA:61,9,0,7
BRDA:61,10,0,5
BRDA:61,11,0,0
BRDA:61,12,0,7
BRDA:61,13,0,5
BRDA:61,14,0,4
BRDA:61,15,0,1
BRDA:61,16,0,7
BRDA:61,17,0,2
BRDA:61,18,0,5
BRDA:61,19,0,7
BRDA:61,20,0,5
BRDA:61,21,0,0
BRDA:61,22,0,21
BRDA:61,23,0,12
BRDA:61,24,0,12
BRDA:61,25,0,0
BRDA:61,26,0,24
BRDA:61,27,0,0
BRDA:61,28,0,0
BRDA:61,29,0,0
BRDA:61,30,0,0
BRDA:61,31,0,12
BRDA:61,32,0,12
BRDA:61,33,0,5
BRDA:61,34,0,0
BRDA:61,35,0,0
BRDA:61,36,0,7
BRDA:61,37,0,0
BRDA:61,38,0,2
BRDA:61,39,0,0
BRDA:61,40,0,0
BRDA:61,41,0,0
BRDA:61,42,0,0
BRDA:61,43,0,12
BRDA:61,44,0,7
BRDA:61,45,0,5
BRDA:61,46,0,12
BRDA:61,47,0,7
BRDA:61,48,0,5
BRDA:61,49,0,2
BRDA:61,50,0,0
BRDA:61,51,0,1
BRDA:61,52,0,0
BRDA:16,53,0,1
BRDA:17,54,0,5
BRDA:22,55,0,7
BRDA:61,56,0,7
BRDA:61,57,0,12
BRDA:61,58,0,7
BRDA:29,59,0,1
BRDA:31,60,0,6
BRDA:33,61,0,1
BRDA:35,62,0,5
BRDA:37,63,0,4
BRDA:37,64,0,2
BRDA:41,65,0,3
BRDA:61,66,0,3
BRDA:47,67,0,1
BRDA:49,68,0,2
BRDA:61,69,0,2
BRF:70
BRH:50
end_of_record
TN:
SF:src/modules/appointments/services/ListProviderDayAvailabilityService.ts
FN:67,__decorate
FN:67,__metadata
FN:67,__param
FN:67,__awaiter
FN:67,adopt
FN:67,fulfilled
FN:67,rejected
FN:67,step
FN:67,__generator
FN:67,sent
FN:67,g.<computed>
FN:67,verb
FN:67,step
FN:21,ListProviderDayAvailabilityService
FN:26,ListProviderDayAvailabilityService.execute
FNF:15
FNH:13
FNDA:1,__decorate
FNDA:1,__metadata
FNDA:1,__param
FNDA:1,__awaiter
FNDA:1,adopt
FNDA:1,fulfilled
FNDA:0,rejected
FNDA:2,step
FNDA:1,__generator
FNDA:1,sent
FNDA:0,g.<computed>
FNDA:3,verb
FNDA:2,step
FNDA:1,ListProviderDayAvailabilityService
FNDA:1,ListProviderDayAvailabilityService.execute
DA:1,1
DA:2,1
DA:3,1
DA:4,1
DA:5,1
DA:6,1
DA:7,1
DA:8,1
DA:9,1
DA:10,1
DA:11,1
DA:12,1
DA:13,1
DA:14,1
DA:15,1
DA:16,1
DA:17,1
DA:18,1
DA:19,1
DA:20,1
DA:21,1
DA:22,1
DA:23,1
DA:24,1
DA:25,1
DA:26,1
DA:27,1
DA:28,1
DA:29,1
DA:30,1
DA:31,1
DA:32,1
DA:33,1
DA:34,1
DA:35,1
DA:36,1
DA:37,1
DA:38,1
DA:39,1
DA:40,1
DA:41,1
DA:42,1
DA:43,1
DA:44,1
DA:45,1
DA:46,1
DA:47,1
DA:48,1
DA:49,1
DA:50,1
DA:51,10
DA:52,10
DA:53,10
DA:54,10
DA:55,10
DA:56,10
DA:57,10
DA:58,10
DA:59,10
DA:60,10
DA:61,1
DA:62,1
DA:63,1
DA:64,1
DA:65,1
DA:66,1
DA:67,1
LF:67
LH:67
BRDA:67,0,0,1
BRDA:67,1,0,1
BRDA:67,2,0,0
BRDA:67,3,0,0
BRDA:67,4,0,0
BRDA:67,5,0,0
BRDA:67,6,0,1
BRDA:67,7,0,1
BRDA:67,8,0,1
BRDA:67,9,0,1
BRDA:67,10,0,1
BRDA:67,11,0,0
BRDA:67,12,0,1
BRDA:67,13,0,1
BRDA:67,14,0,0
BRDA:67,15,0,2
BRDA:67,16,0,1
BRDA:67,17,0,1
BRDA:67,18,0,1
BRDA:67,19,0,1
BRDA:67,20,0,0
BRDA:67,21,0,3
BRDA:67,22,0,2
BRDA:67,23,0,2
BRDA:67,24,0,0
BRDA:67,25,0,4
BRDA:67,26,0,0
BRDA:67,27,0,0
BRDA:67,28,0,0
BRDA:67,29,0,0
BRDA:67,30,0,2
BRDA:67,31,0,2
BRDA:67,32,0,1
BRDA:67,33,0,0
BRDA:67,34,0,0
BRDA:67,35,0,1
BRDA:67,36,0,0
BRDA:67,37,0,0
BRDA:67,38,0,0
BRDA:67,39,0,0
BRDA:67,40,0,0
BRDA:67,41,0,2
BRDA:67,42,0,0
BRDA:67,43,0,2
BRDA:67,44,0,1
BRDA:67,45,0,0
BRDA:67,46,0,1
BRDA:67,47,0,0
BRDA:20,48,0,1
BRDA:21,49,0,1
BRDA:26,50,0,1
BRDA:67,51,0,1
BRDA:67,52,0,2
BRDA:32,53,0,1
BRDA:67,54,0,1
BRDA:45,55,0,10
BRDA:50,56,0,10
BRDA:59,57,0,8
BRDA:52,58,0,19
BRF:59
BRH:37
end_of_record
TN:
SF:src/modules/appointments/services/ListProviderMonthAvailabilityService.ts
FN:60,__decorate
FN:60,__metadata
FN:60,__param
FN:60,__awaiter
FN:60,adopt
FN:60,fulfilled
FN:60,rejected
FN:60,step
FN:60,__generator
FN:60,sent
FN:60,g.<computed>
FN:60,verb
FN:60,step
FN:20,ListProviderMonthAvailabilityService
FN:25,ListProviderMonthAvailabilityService.execute
FNF:15
FNH:13
FNDA:1,__decorate
FNDA:1,__metadata
FNDA:1,__param
FNDA:1,__awaiter
FNDA:1,adopt
FNDA:1,fulfilled
FNDA:0,rejected
FNDA:2,step
FNDA:1,__generator
FNDA:1,sent
FNDA:0,g.<computed>
FNDA:3,verb
FNDA:2,step
FNDA:1,ListProviderMonthAvailabilityService
FNDA:1,ListProviderMonthAvailabilityService.execute
DA:1,1
DA:2,1
DA:3,1
DA:4,1
DA:5,1
DA:6,1
DA:7,1
DA:8,1
DA:9,1
DA:10,1
DA:11,1
DA:12,1
DA:13,1
DA:14,1
DA:15,1
DA:16,1
DA:17,1
DA:18,1
DA:19,1
DA:20,1
DA:21,1
DA:22,1
DA:23,1
DA:24,1
DA:25,1
DA:26,1
DA:27,1
DA:28,1
DA:29,1
DA:30,1
DA:31,1
DA:32,1
DA:33,1
DA:34,1
DA:35,1
DA:36,1
DA:37,1
DA:38,1
DA:39,1
DA:40,1
DA:41,1
DA:42,1
DA:43,1
DA:44,1
DA:45,1
DA:46,31
DA:47,341
DA:48,31
DA:49,31
DA:50,31
DA:51,31
DA:52,31
DA:53,31
DA:54,1
DA:55,1
DA:56,1
DA:57,1
DA:58,1
DA:59,1
DA:60,1
LF:60
LH:60
BRDA:60,0,0,1
BRDA:60,1,0,1
BRDA:60,2,0,0
BRDA:60,3,0,0
BRDA:60,4,0,0
BRDA:60,5,0,0
BRDA:60,6,0,1
BRDA:60,7,0,1
BRDA:60,8,0,1
BRDA:60,9,0,1
BRDA:60,10,0,1
BRDA:60,11,0,0
BRDA:60,12,0,1
BRDA:60,13,0,1
BRDA:60,14,0,0
BRDA:60,15,0,2
BRDA:60,16,0,1
BRDA:60,17,0,1
BRDA:60,18,0,1
BRDA:60,19,0,1
BRDA:60,20,0,0
BRDA:60,21,0,3
BRDA:60,22,0,2
BRDA:60,23,0,2
BRDA:60,24,0,0
BRDA:60,25,0,4
BRDA:60,26,0,0
BRDA:60,27,0,0
BRDA:60,28,0,0
BRDA:60,29,0,0
BRDA:60,30,0,2
BRDA:60,31,0,2
BRDA:60,32,0,1
BRDA:60,33,0,0
BRDA:60,34,0,0
BRDA:60,35,0,1
BRDA:60,36,0,0
BRDA:60,37,0,0
BRDA:60,38,0,0
BRDA:60,39,0,0
BRDA:60,40,0,0
BRDA:60,41,0,2
BRDA:60,42,0,0
BRDA:60,43,0,2
BRDA:60,44,0,1
BRDA:60,45,0,0
BRDA:60,46,0,1
BRDA:60,47,0,0
BRDA:19,48,0,1
BRDA:20,49,0,1
BRDA:25,50,0,1
BRDA:60,51,0,1
BRDA:60,52,0,2
BRDA:30,53,0,1
BRDA:60,54,0,1
BRDA:42,55,0,31
BRDA:45,56,0,31
BRDA:46,57,0,341
BRF:58
BRH:36
end_of_record
TN:
SF:src/modules/appointments/services/ListProvidersService.ts
FN:27,__decorate
FN:27,__metadata
FN:27,__param
FN:27,__awaiter
FN:27,adopt
FN:27,fulfilled
FN:27,rejected
FN:27,step
FN:27,__generator
FN:27,sent
FN:27,g.<computed>
FN:27,verb
FN:27,step
FN:13,ListProvidersService
FN:18,ListProvidersService.execute
FNF:15
FNH:13
FNDA:1,__decorate
FNDA:1,__metadata
FNDA:1,__param
FNDA:1,__awaiter
FNDA:1,adopt
FNDA:1,fulfilled
FNDA:0,rejected
FNDA:2,step
FNDA:1,__generator
FNDA:1,sent
FNDA:0,g.<computed>
FNDA:3,verb
FNDA:2,step
FNDA:1,ListProvidersService
FNDA:1,ListProvidersService.execute
DA:1,1
DA:2,1
DA:3,1
DA:4,1
DA:5,1
DA:6,1
DA:7,1
DA:8,1
DA:9,1
DA:10,1
DA:11,1
DA:12,1
DA:13,1
DA:14,1
DA:15,1
DA:16,1
DA:17,1
DA:18,1
DA:19,1
DA:20,1
DA:21,1
DA:22,1
DA:23,1
DA:24,1
DA:25,1
DA:26,1
DA:27,1
LF:27
LH:27
BRDA:27,0,0,1
BRDA:27,1,0,1
BRDA:27,2,0,0
BRDA:27,3,0,0
BRDA:27,4,0,0
BRDA:27,5,0,0
BRDA:27,6,0,1
BRDA:27,7,0,1
BRDA:27,8,0,1
BRDA:27,9,0,1
BRDA:27,10,0,1
BRDA:27,11,0,0
BRDA:27,12,0,1
BRDA:27,13,0,1
BRDA:27,14,0,0
BRDA:27,15,0,2
BRDA:27,16,0,1
BRDA:27,17,0,1
BRDA:27,18,0,1
BRDA:27,19,0,1
BRDA:27,20,0,0
BRDA:27,21,0,3
BRDA:27,22,0,2
BRDA:27,23,0,2
BRDA:27,24,0,0
BRDA:27,25,0,4
BRDA:27,26,0,0
BRDA:27,27,0,0
BRDA:27,28,0,0
BRDA:27,29,0,0
BRDA:27,30,0,2
BRDA:27,31,0,2
BRDA:27,32,0,1
BRDA:27,33,0,0
BRDA:27,34,0,0
BRDA:27,35,0,1
BRDA:27,36,0,0
BRDA:27,37,0,0
BRDA:27,38,0,0
BRDA:27,39,0,0
BRDA:27,40,0,0
BRDA:27,41,0,2
BRDA:27,42,0,0
BRDA:27,43,0,2
BRDA:27,44,0,1
BRDA:27,45,0,0
BRDA:27,46,0,1
BRDA:27,47,0,0
BRDA:12,48,0,1
BRDA:13,49,0,1
BRDA:18,50,0,1
BRDA:27,51,0,1
BRDA:27,52,0,2
BRDA:19,53,0,1
BRDA:27,54,0,1
BRF:55
BRH:33
end_of_record
TN:
SF:src/modules/users/services/AuthenticateUserService.ts
FN:58,__decorate
FN:58,__metadata
FN:58,__param
FN:58,__awaiter
FN:58,adopt
FN:58,fulfilled
FN:58,rejected
FN:58,step
FN:58,__generator
FN:58,sent
FN:58,g.<computed>
FN:58,verb
FN:58,step
FN:58,__importDefault
FN:24,AuthenticateUserService
FN:31,AuthenticateUserService.execute
FNF:16
FNH:14
FNDA:1,__decorate
FNDA:1,__metadata
FNDA:2,__param
FNDA:3,__awaiter
FNDA:5,adopt
FNDA:5,fulfilled
FNDA:0,rejected
FNDA:6,step
FNDA:3,__generator
FNDA:5,sent
FNDA:0,g.<computed>
FNDA:9,verb
FNDA:8,step
FNDA:2,__importDefault
FNDA:3,AuthenticateUserService
FNDA:3,AuthenticateUserService.execute
DA:1,1
DA:2,1
DA:3,1
DA:4,1
DA:5,1
DA:6,1
DA:7,1
DA:8,1
DA:9,1
DA:10,1
DA:11,1
DA:12,1
DA:13,1
DA:14,1
DA:15,1
DA:16,1
DA:17,1
DA:18,1
DA:19,1
DA:20,1
DA:21,1
DA:22,1
DA:23,1
DA:24,1
DA:25,3
DA:26,3
DA:27,3
DA:28,3
DA:29,3
DA:30,1
DA:31,1
DA:32,3
DA:33,3
DA:34,3
DA:35,1
DA:36,1
DA:37,2
DA:38,2
DA:39,2
DA:40,2
DA:41,2
DA:42,3
DA:43,3
DA:44,1
DA:45,1
DA:46,1
DA:47,1
DA:48,1
DA:49,1
DA:50,1
DA:51,1
DA:52,1
DA:53,1
DA:54,1
DA:55,3
DA:56,1
DA:57,1
DA:58,1
LF:58
LH:58
BRDA:58,0,0,1
BRDA:58,1,0,1
BRDA:58,2,0,0
BRDA:58,3,0,0
BRDA:58,4,0,0
BRDA:58,5,0,0
BRDA:58,6,0,1
BRDA:58,7,0,2
BRDA:58,8,0,2
BRDA:58,9,0,3
BRDA:58,10,0,5
BRDA:58,11,0,0
BRDA:58,12,0,3
BRDA:58,13,0,5
BRDA:58,14,0,3
BRDA:58,15,0,2
BRDA:58,16,0,6
BRDA:58,17,0,1
BRDA:58,18,0,5
BRDA:58,19,0,3
BRDA:58,20,0,5
BRDA:58,21,0,0
BRDA:58,22,0,9
BRDA:58,23,0,8
BRDA:58,24,0,8
BRDA:58,25,0,0
BRDA:58,26,0,16
BRDA:58,27,0,0
BRDA:58,28,0,0
BRDA:58,29,0,0
BRDA:58,30,0,0
BRDA:58,31,0,8
BRDA:58,32,0,8
BRDA:58,33,0,5
BRDA:58,34,0,0
BRDA:58,35,0,0
BRDA:58,36,0,3
BRDA:58,37,0,0
BRDA:58,38,0,1
BRDA:58,39,0,0
BRDA:58,40,0,0
BRDA:58,41,0,0
BRDA:58,42,0,0
BRDA:58,43,0,8
BRDA:58,44,0,6
BRDA:58,45,0,2
BRDA:58,46,0,8
BRDA:58,47,0,3
BRDA:58,48,0,2
BRDA:58,49,0,1
BRDA:58,50,0,0
BRDA:58,51,0,2
BRDA:58,52,0,0
BRDA:23,53,0,1
BRDA:24,54,0,3
BRDA:31,55,0,3
BRDA:58,56,0,3
BRDA:58,57,0,8
BRDA:32,58,0,3
BRDA:58,59,0,3
BRDA:34,60,0,1
BRDA:36,61,0,2
BRDA:58,62,0,2
BRDA:43,63,0,1
BRF:64
BRH:44
end_of_record
TN:
SF:src/modules/users/services/CreateUserService.ts
FN:44,__decorate
FN:44,__metadata
FN:44,__param
FN:44,__awaiter
FN:44,adopt
FN:44,fulfilled
FN:44,rejected
FN:44,step
FN:44,__generator
FN:44,sent
FN:44,g.<computed>
FN:44,verb
FN:44,step
FN:44,__importDefault
FN:18,CreateUserService
FN:25,CreateUserService.execute
FNF:16
FNH:14
FNDA:2,__decorate
FNDA:2,__metadata
FNDA:2,__param
FNDA:5,__awaiter
FNDA:13,adopt
FNDA:13,fulfilled
FNDA:0,rejected
FNDA:17,step
FNDA:5,__generator
FNDA:13,sent
FNDA:0,g.<computed>
FNDA:15,verb
FNDA:18,step
FNDA:2,__importDefault
FNDA:5,CreateUserService
FNDA:5,CreateUserService.execute
DA:1,1
DA:2,1
DA:3,1
DA:4,1
DA:5,1
DA:6,1
DA:7,1
DA:8,1
DA:9,1
DA:10,1
DA:11,1
DA:12,1
DA:13,1
DA:14,1
DA:15,1
DA:16,1
DA:17,2
DA:18,2
DA:19,5
DA:20,5
DA:21,5
DA:22,5
DA:23,5
DA:24,2
DA:25,2
DA:26,5
DA:27,5
DA:28,5
DA:29,1
DA:30,1
DA:31,4
DA:32,4
DA:33,5
DA:34,5
DA:35,5
DA:36,5
DA:37,5
DA:38,5
DA:39,5
DA:40,5
DA:41,5
DA:42,2
DA:43,1
DA:44,1
LF:44
LH:44
BRDA:44,0,0,2
BRDA:44,1,0,2
BRDA:44,2,0,0
BRDA:44,3,0,0
BRDA:44,4,0,0
BRDA:44,5,0,0
BRDA:44,6,0,2
BRDA:44,7,0,2
BRDA:44,8,0,2
BRDA:44,9,0,5
BRDA:44,10,0,13
BRDA:44,11,0,0
BRDA:44,12,0,5
BRDA:44,13,0,13
BRDA:44,14,0,12
BRDA:44,15,0,1
BRDA:44,16,0,17
BRDA:44,17,0,4
BRDA:44,18,0,13
BRDA:44,19,0,5
BRDA:44,20,0,13
BRDA:44,21,0,0
BRDA:44,22,0,15
BRDA:44,23,0,18
BRDA:44,24,0,18
BRDA:44,25,0,0
BRDA:44,26,0,36
BRDA:44,27,0,0
BRDA:44,28,0,0
BRDA:44,29,0,0
BRDA:44,30,0,0
BRDA:44,31,0,18
BRDA:44,32,0,18
BRDA:44,33,0,13
BRDA:44,34,0,0
BRDA:44,35,0,0
BRDA:44,36,0,5
BRDA:44,37,0,0
BRDA:44,38,0,4
BRDA:44,39,0,0
BRDA:44,40,0,0
BRDA:44,41,0,0
BRDA:44,42,0,0
BRDA:44,43,0,28
BRDA:44,44,0,18
BRDA:44,45,0,17
BRDA:44,46,0,1
BRDA:44,47,0,18
BRDA:44,48,0,5
BRDA:44,49,0,1
BRDA:44,50,0,4
BRDA:44,51,0,0
BRDA:44,52,0,2
BRDA:44,53,0,0
BRDA:17,54,0,2
BRDA:18,55,0,5
BRDA:25,56,0,5
BRDA:44,57,0,5
BRDA:44,58,0,18
BRDA:26,59,0,5
BRDA:44,60,0,5
BRDA:28,61,0,1
BRDA:30,62,0,4
BRDA:44,63,0,4
BRDA:44,64,0,4
BRF:65
BRH:45
end_of_record
TN:
SF:src/modules/users/services/ResetPasswordService.ts
FN:56,__decorate
FN:56,__metadata
FN:56,__param
FN:56,__awaiter
FN:56,adopt
FN:56,fulfilled
FN:56,rejected
FN:56,step
FN:56,__generator
FN:56,sent
FN:56,g.<computed>
FN:56,verb
FN:56,step
FN:56,__importDefault
FN:19,ResetPasswordService
FN:30,ResetPasswordService.execute
FNF:16
FNH:14
FNDA:1,__decorate
FNDA:1,__metadata
FNDA:3,__param
FNDA:4,__awaiter
FNDA:9,adopt
FNDA:9,fulfilled
FNDA:0,rejected
FNDA:10,step
FNDA:4,__generator
FNDA:9,sent
FNDA:0,g.<computed>
FNDA:12,verb
FNDA:13,step
FNDA:1,__importDefault
FNDA:4,ResetPasswordService
FNDA:4,ResetPasswordService.execute
DA:1,1
DA:2,1
DA:3,1
DA:4,1
DA:5,1
DA:6,1
DA:7,1
DA:8,1
DA:9,1
DA:10,1
DA:11,1
DA:12,1
DA:13,1
DA:14,1
DA:15,1
DA:16,1
DA:17,1
DA:18,1
DA:19,1
DA:20,4
DA:21,4
DA:22,4
DA:23,4
DA:24,4
DA:25,4
DA:26,4
DA:27,4
DA:28,4
DA:29,1
DA:30,1
DA:31,4
DA:32,4
DA:33,4
DA:34,1
DA:35,1
DA:36,3
DA:37,3
DA:38,4
DA:39,4
DA:40,1
DA:41,1
DA:42,2
DA:43,2
DA:44,2
DA:45,2
DA:46,4
DA:47,1
DA:48,1
DA:49,1
DA:50,1
DA:51,4
DA:52,4
DA:53,4
DA:54,1
DA:55,1
DA:56,1
LF:56
LH:56
BRDA:56,0,0,1
BRDA:56,1,0,1
BRDA:56,2,0,0
BRDA:56,3,0,0
BRDA:56,4,0,0
BRDA:56,5,0,0
BRDA:56,6,0,1
BRDA:56,7,0,3
BRDA:56,8,0,3
BRDA:56,9,0,4
BRDA:56,10,0,9
BRDA:56,11,0,0
BRDA:56,12,0,4
BRDA:56,13,0,9
BRDA:56,14,0,6
BRDA:56,15,0,3
BRDA:56,16,0,10
BRDA:56,17,0,1
BRDA:56,18,0,9
BRDA:56,19,0,4
BRDA:56,20,0,9
BRDA:56,21,0,0
BRDA:56,22,0,12
BRDA:56,23,0,13
BRDA:56,24,0,13
BRDA:56,25,0,0
BRDA:56,26,0,26
BRDA:56,27,0,0
BRDA:56,28,0,0
BRDA:56,29,0,0
BRDA:56,30,0,0
BRDA:56,31,0,13
BRDA:56,32,0,13
BRDA:56,33,0,9
BRDA:56,34,0,0
BRDA:56,35,0,0
BRDA:56,36,0,4
BRDA:56,37,0,0
BRDA:56,38,0,1
BRDA:56,39,0,0
BRDA:56,40,0,0
BRDA:56,41,0,0
BRDA:56,42,0,0
BRDA:56,43,0,13
BRDA:56,44,0,10
BRDA:56,45,0,3
BRDA:56,46,0,13
BRDA:56,47,0,4
BRDA:56,48,0,3
BRDA:56,49,0,1
BRDA:56,50,0,0
BRDA:56,51,0,1
BRDA:56,52,0,0
BRDA:18,53,0,1
BRDA:19,54,0,4
BRDA:30,55,0,4
BRDA:56,56,0,4
BRDA:56,57,0,13
BRDA:31,58,0,4
BRDA:56,59,0,4
BRDA:33,60,0,1
BRDA:35,61,0,3
BRDA:56,62,0,3
BRDA:39,63,0,1
BRDA:41,64,0,2
BRDA:46,65,0,1
BRDA:56,66,0,1
BRDA:56,67,0,1
BRF:68
BRH:48
end_of_record
TN:
SF:src/modules/users/services/SendForgotPasswordEmailService.ts
FN:63,__decorate
FN:63,__metadata
FN:63,__param
FN:63,__awaiter
FN:63,adopt
FN:63,fulfilled
FN:63,rejected
FN:63,step
FN:63,__generator
FN:63,sent
FN:63,g.<computed>
FN:63,verb
FN:63,step
FN:63,__importDefault
FN:19,SendForgotPasswordEmailService
FN:30,SendForgotPasswordEmailService.execute
FNF:16
FNH:14
FNDA:1,__decorate
FNDA:1,__metadata
FNDA:3,__param
FNDA:3,__awaiter
FNDA:7,adopt
FNDA:7,fulfilled
FNDA:0,rejected
FNDA:9,step
FNDA:3,__generator
FNDA:7,sent
FNDA:0,g.<computed>
FNDA:9,verb
FNDA:10,step
FNDA:2,__importDefault
FNDA:3,SendForgotPasswordEmailService
FNDA:3,SendForgotPasswordEmailService.execute
DA:1,1
DA:2,1
DA:3,1
DA:4,1
DA:5,1
DA:6,1
DA:7,1
DA:8,1
DA:9,1
DA:10,1
DA:11,1
DA:12,1
DA:13,1
DA:14,1
DA:15,1
DA:16,1
DA:17,1
DA:18,1
DA:19,1
DA:20,3
DA:21,3
DA:22,3
DA:23,3
DA:24,3
DA:25,3
DA:26,3
DA:27,3
DA:28,3
DA:29,1
DA:30,1
DA:31,3
DA:32,3
DA:33,3
DA:34,1
DA:35,1
DA:36,2
DA:37,2
DA:38,3
DA:39,3
DA:40,3
DA:41,3
DA:42,3
DA:43,3
DA:44,3
DA:45,3
DA:46,3
DA:47,3
DA:48,3
DA:49,3
DA:50,3
DA:51,3
DA:52,3
DA:53,3
DA:54,3
DA:55,3
DA:56,3
DA:57,3
DA:58,3
DA:59,3
DA:60,3
DA:61,1
DA:62,1
DA:63,1
LF:63
LH:63
BRDA:63,0,0,1
BRDA:63,1,0,1
BRDA:63,2,0,0
BRDA:63,3,0,0
BRDA:63,4,0,0
BRDA:63,5,0,0
BRDA:63,6,0,1
BRDA:63,7,0,3
BRDA:63,8,0,3
BRDA:63,9,0,3
BRDA:63,10,0,7
BRDA:63,11,0,0
BRDA:63,12,0,3
BRDA:63,13,0,7
BRDA:63,14,0,6
BRDA:63,15,0,1
BRDA:63,16,0,9
BRDA:63,17,0,2
BRDA:63,18,0,7
BRDA:63,19,0,3
BRDA:63,20,0,7
BRDA:63,21,0,0
BRDA:63,22,0,9
BRDA:63,23,0,10
BRDA:63,24,0,10
BRDA:63,25,0,0
BRDA:63,26,0,20
BRDA:63,27,0,0
BRDA:63,28,0,0
BRDA:63,29,0,0
BRDA:63,30,0,0
BRDA:63,31,0,10
BRDA:63,32,0,10
BRDA:63,33,0,7
BRDA:63,34,0,0
BRDA:63,35,0,0
BRDA:63,36,0,3
BRDA:63,37,0,0
BRDA:63,38,0,2
BRDA:63,39,0,0
BRDA:63,40,0,0
BRDA:63,41,0,0
BRDA:63,42,0,0
BRDA:63,43,0,10
BRDA:63,44,0,9
BRDA:63,45,0,1
BRDA:63,46,0,10
BRDA:63,47,0,3
BRDA:63,48,0,1
BRDA:63,49,0,2
BRDA:63,50,0,0
BRDA:63,51,0,2
BRDA:63,52,0,1
BRDA:63,53,0,1
BRDA:18,54,0,1
BRDA:19,55,0,3
BRDA:30,56,0,3
BRDA:63,57,0,3
BRDA:63,58,0,10
BRDA:31,59,0,3
BRDA:63,60,0,3
BRDA:33,61,0,1
BRDA:35,62,0,2
BRDA:63,63,0,2
BRDA:63,64,0,2
BRF:65
BRH:46
end_of_record
TN:
SF:src/modules/users/services/ShowProfileService.ts
FN:31,__decorate
FN:31,__metadata
FN:31,__param
FN:31,__awaiter
FN:31,adopt
FN:31,fulfilled
FN:31,rejected
FN:31,step
FN:31,__generator
FN:31,sent
FN:31,g.<computed>
FN:31,verb
FN:31,step
FN:31,__importDefault
FN:15,ShowProfileService
FN:20,ShowProfileService.execute
FNF:16
FNH:14
FNDA:1,__decorate
FNDA:1,__metadata
FNDA:1,__param
FNDA:2,__awaiter
FNDA:2,adopt
FNDA:2,fulfilled
FNDA:0,rejected
FNDA:3,step
FNDA:2,__generator
FNDA:2,sent
FNDA:0,g.<computed>
FNDA:6,verb
FNDA:4,step
FNDA:1,__importDefault
FNDA:2,ShowProfileService
FNDA:2,ShowProfileService.execute
DA:1,1
DA:2,1
DA:3,1
DA:4,1
DA:5,1
DA:6,1
DA:7,1
DA:8,1
DA:9,1
DA:10,1
DA:11,1
DA:12,1
DA:13,1
DA:14,1
DA:15,1
DA:16,2
DA:17,2
DA:18,2
DA:19,1
DA:20,1
DA:21,2
DA:22,2
DA:23,2
DA:24,1
DA:25,1
DA:26,1
DA:27,1
DA:28,2
DA:29,1
DA:30,1
DA:31,1
LF:31
LH:31
BRDA:31,0,0,1
BRDA:31,1,0,1
BRDA:31,2,0,0
BRDA:31,3,0,0
BRDA:31,4,0,0
BRDA:31,5,0,0
BRDA:31,6,0,1
BRDA:31,7,0,1
BRDA:31,8,0,1
BRDA:31,9,0,2
BRDA:31,10,0,2
BRDA:31,11,0,0
BRDA:31,12,0,2
BRDA:31,13,0,2
BRDA:31,14,0,1
BRDA:31,15,0,3
BRDA:31,16,0,1
BRDA:31,17,0,2
BRDA:31,18,0,2
BRDA:31,19,0,2
BRDA:31,20,0,0
BRDA:31,21,0,6
BRDA:31,22,0,4
BRDA:31,23,0,4
BRDA:31,24,0,0
BRDA:31,25,0,8
BRDA:31,26,0,0
BRDA:31,27,0,0
BRDA:31,28,0,0
BRDA:31,29,0,0
BRDA:31,30,0,4
BRDA:31,31,0,4
BRDA:31,32,0,2
BRDA:31,33,0,0
BRDA:31,34,0,0
BRDA:31,35,0,2
BRDA:31,36,0,0
BRDA:31,37,0,1
BRDA:31,38,0,0
BRDA:31,39,0,0
BRDA:31,40,0,0
BRDA:31,41,0,0
BRDA:31,42,0,4
BRDA:31,43,0,3
BRDA:31,44,0,1
BRDA:31,45,0,4
BRDA:31,46,0,2
BRDA:31,47,0,1
BRDA:31,48,0,0
BRDA:31,49,0,1
BRDA:31,50,0,0
BRDA:14,51,0,1
BRDA:15,52,0,2
BRDA:20,53,0,2
BRDA:31,54,0,2
BRDA:31,55,0,4
BRDA:21,56,0,2
BRDA:31,57,0,2
BRDA:23,58,0,1
BRF:59
BRH:39
end_of_record
TN:
SF:src/modules/users/services/UpdateProfileService.ts
FN:69,__decorate
FN:69,__metadata
FN:69,__param
FN:69,__awaiter
FN:69,adopt
FN:69,fulfilled
FN:69,rejected
FN:69,step
FN:69,__generator
FN:69,sent
FN:69,g.<computed>
FN:69,verb
FN:69,step
FN:69,__importDefault
FN:20,UpdateProfileService
FN:28,UpdateProfileService.execute
FNF:16
FNH:14
FNDA:1,__decorate
FNDA:1,__metadata
FNDA:2,__param
FNDA:6,__awaiter
FNDA:14,adopt
FNDA:14,fulfilled
FNDA:0,rejected
FNDA:16,step
FNDA:6,__generator
FNDA:14,sent
FNDA:0,g.<computed>
FNDA:18,verb
FNDA:20,step
FNDA:1,__importDefault
FNDA:6,UpdateProfileService
FNDA:6,UpdateProfileService.execute
DA:1,1
DA:2,1
DA:3,1
DA:4,1
DA:5,1
DA:6,1
DA:7,1
DA:8,1
DA:9,1
DA:10,1
DA:11,1
DA:12,1
DA:13,1
DA:14,1
DA:15,1
DA:16,1
DA:17,1
DA:18,1
DA:19,1
DA:20,1
DA:21,6
DA:22,6
DA:23,6
DA:24,6
DA:25,6
DA:26,6
DA:27,1
DA:28,1
DA:29,6
DA:30,6
DA:31,6
DA:32,6
DA:33,6
DA:34,6
DA:35,6
DA:36,6
DA:37,6
DA:38,1
DA:39,1
DA:40,5
DA:41,5
DA:42,5
DA:43,6
DA:44,6
DA:45,1
DA:46,1
DA:47,6
DA:48,6
DA:49,6
DA:50,6
DA:51,6
DA:52,6
DA:53,1
DA:54,1
DA:55,1
DA:56,1
DA:57,2
DA:58,6
DA:59,1
DA:60,1
DA:61,1
DA:62,1
DA:63,6
DA:64,6
DA:65,6
DA:66,6
DA:67,1
DA:68,1
DA:69,1
LF:69
LH:69
BRDA:69,0,0,1
BRDA:69,1,0,1
BRDA:69,2,0,0
BRDA:69,3,0,0
BRDA:69,4,0,0
BRDA:69,5,0,0
BRDA:69,6,0,1
BRDA:69,7,0,2
BRDA:69,8,0,2
BRDA:69,9,0,6
BRDA:69,10,0,14
BRDA:69,11,0,0
BRDA:69,12,0,6
BRDA:69,13,0,14
BRDA:69,14,0,10
BRDA:69,15,0,4
BRDA:69,16,0,16
BRDA:69,17,0,2
BRDA:69,18,0,14
BRDA:69,19,0,6
BRDA:69,20,0,14
BRDA:69,21,0,0
BRDA:69,22,0,18
BRDA:69,23,0,20
BRDA:69,24,0,20
BRDA:69,25,0,0
BRDA:69,26,0,41
BRDA:69,27,0,0
BRDA:69,28,0,0
BRDA:69,29,0,0
BRDA:69,30,0,0
BRDA:69,31,0,20
BRDA:69,32,0,20
BRDA:69,33,0,14
BRDA:69,34,0,0
BRDA:69,35,0,0
BRDA:69,36,0,7
BRDA:69,37,0,0
BRDA:69,38,0,3
BRDA:69,39,0,6
BRDA:69,40,0,1
BRDA:69,41,0,0
BRDA:69,42,0,1
BRDA:69,43,0,0
BRDA:69,44,0,0
BRDA:69,45,0,0
BRDA:69,46,0,21
BRDA:69,47,0,17
BRDA:69,48,0,4
BRDA:69,49,0,21
BRDA:69,50,0,6
BRDA:69,51,0,4
BRDA:69,52,0,2
BRDA:69,53,0,0
BRDA:69,54,0,1
BRDA:69,55,0,0
BRDA:19,56,0,1
BRDA:20,57,0,6
BRDA:28,58,0,6
BRDA:69,59,0,6
BRDA:69,60,0,21
BRDA:35,61,0,6
BRDA:69,62,0,6
BRDA:37,63,0,1
BRDA:39,64,0,5
BRDA:41,65,0,0
BRDA:41,66,0,5
BRDA:69,67,0,5
BRDA:44,68,0,1
BRDA:69,69,0,4
BRDA:69,70,0,4
BRDA:51,71,0,1
BRDA:51,72,0,3
BRDA:52,73,0,1
BRDA:56,74,0,2
BRDA:69,75,0,2
BRDA:58,76,0,1
BRDA:69,77,0,1
BRDA:65,78,0,2
BRF:79
BRH:58
end_of_record
TN:
SF:src/modules/users/services/UpdateUserAvatarService.ts
FN:46,__decorate
FN:46,__metadata
FN:46,__param
FN:46,__awaiter
FN:46,adopt
FN:46,fulfilled
FN:46,rejected
FN:46,step
FN:46,__generator
FN:46,sent
FN:46,g.<computed>
FN:46,verb
FN:46,step
FN:46,__importDefault
FN:17,UpdateUserAvatarService
FN:25,UpdateUserAvatarService.execute
FNF:16
FNH:14
FNDA:1,__decorate
FNDA:1,__metadata
FNDA:2,__param
FNDA:4,__awaiter
FNDA:11,adopt
FNDA:11,fulfilled
FNDA:0,rejected
FNDA:14,step
FNDA:4,__generator
FNDA:11,sent
FNDA:0,g.<computed>
FNDA:12,verb
FNDA:15,step
FNDA:1,__importDefault
FNDA:3,UpdateUserAvatarService
FNDA:4,UpdateUserAvatarService.execute
DA:1,1
DA:2,1
DA:3,1
DA:4,1
DA:5,1
DA:6,1
DA:7,1
DA:8,1
DA:9,1
DA:10,1
DA:11,1
DA:12,1
DA:13,1
DA:14,1
DA:15,1
DA:16,1
DA:17,1
DA:18,3
DA:19,3
DA:20,3
DA:21,3
DA:22,3
DA:23,3
DA:24,1
DA:25,1
DA:26,4
DA:27,4
DA:28,4
DA:29,1
DA:30,1
DA:31,3
DA:32,3
DA:33,1
DA:34,4
DA:35,4
DA:36,4
DA:37,4
DA:38,4
DA:39,4
DA:40,4
DA:41,4
DA:42,4
DA:43,4
DA:44,1
DA:45,1
DA:46,1
LF:46
LH:46
BRDA:46,0,0,1
BRDA:46,1,0,1
BRDA:46,2,0,0
BRDA:46,3,0,0
BRDA:46,4,0,0
BRDA:46,5,0,0
BRDA:46,6,0,1
BRDA:46,7,0,2
BRDA:46,8,0,2
BRDA:46,9,0,4
BRDA:46,10,0,11
BRDA:46,11,0,0
BRDA:46,12,0,4
BRDA:46,13,0,11
BRDA:46,14,0,10
BRDA:46,15,0,1
BRDA:46,16,0,14
BRDA:46,17,0,3
BRDA:46,18,0,11
BRDA:46,19,0,4
BRDA:46,20,0,11
BRDA:46,21,0,0
BRDA:46,22,0,12
BRDA:46,23,0,15
BRDA:46,24,0,15
BRDA:46,25,0,0
BRDA:46,26,0,32
BRDA:46,27,0,0
BRDA:46,28,0,0
BRDA:46,29,0,0
BRDA:46,30,0,0
BRDA:46,31,0,15
BRDA:46,32,0,15
BRDA:46,33,0,11
BRDA:46,34,0,0
BRDA:46,35,0,0
BRDA:46,36,0,6
BRDA:46,37,0,0
BRDA:46,38,0,5
BRDA:46,39,0,4
BRDA:46,40,0,2
BRDA:46,41,0,0
BRDA:46,42,0,2
BRDA:46,43,0,0
BRDA:46,44,0,0
BRDA:46,45,0,0
BRDA:46,46,0,17
BRDA:46,47,0,16
BRDA:46,48,0,1
BRDA:46,49,0,17
BRDA:46,50,0,4
BRDA:46,51,0,1
BRDA:46,52,0,3
BRDA:46,53,0,0
BRDA:46,54,0,1
BRDA:46,55,0,0
BRDA:16,56,0,1
BRDA:17,57,0,3
BRDA:25,58,0,4
BRDA:46,59,0,4
BRDA:46,60,0,17
BRDA:26,61,0,4
BRDA:46,62,0,4
BRDA:28,63,0,1
BRDA:30,64,0,3
BRDA:32,65,0,2
BRDA:32,66,0,1
BRDA:46,67,0,1
BRDA:36,68,0,3
BRDA:46,69,0,3
BRDA:46,70,0,3
BRF:71
BRH:51
end_of_record
